{"D:\\Repos\\Sours\\JS\\Lab4\\app.js": {"path":"D:\\Repos\\Sours\\JS\\Lab4\\app.js","statementMap":{"0":{"start":{"line":1,"column":20},"end":{"line":1,"column":42}},"1":{"start":{"line":2,"column":16},"end":{"line":2,"column":34}},"2":{"start":{"line":3,"column":13},"end":{"line":3,"column":28}},"3":{"start":{"line":4,"column":21},"end":{"line":4,"column":45}},"4":{"start":{"line":5,"column":15},"end":{"line":5,"column":32}},"5":{"start":{"line":7,"column":20},"end":{"line":7,"column":45}},"6":{"start":{"line":8,"column":20},"end":{"line":8,"column":45}},"7":{"start":{"line":9,"column":23},"end":{"line":9,"column":51}},"8":{"start":{"line":10,"column":20},"end":{"line":10,"column":45}},"9":{"start":{"line":11,"column":24},"end":{"line":11,"column":71}},"10":{"start":{"line":13,"column":12},"end":{"line":13,"column":21}},"11":{"start":{"line":16,"column":0},"end":{"line":16,"column":48}},"12":{"start":{"line":17,"column":0},"end":{"line":17,"column":30}},"13":{"start":{"line":19,"column":0},"end":{"line":19,"column":24}},"14":{"start":{"line":20,"column":0},"end":{"line":20,"column":23}},"15":{"start":{"line":21,"column":0},"end":{"line":21,"column":24}},"16":{"start":{"line":22,"column":0},"end":{"line":22,"column":49}},"17":{"start":{"line":23,"column":0},"end":{"line":23,"column":24}},"18":{"start":{"line":24,"column":0},"end":{"line":24,"column":56}},"19":{"start":{"line":26,"column":0},"end":{"line":26,"column":34}},"20":{"start":{"line":27,"column":0},"end":{"line":27,"column":26}},"21":{"start":{"line":28,"column":0},"end":{"line":28,"column":31}},"22":{"start":{"line":29,"column":0},"end":{"line":29,"column":24}},"23":{"start":{"line":30,"column":0},"end":{"line":30,"column":31}},"24":{"start":{"line":33,"column":0},"end":{"line":35,"column":3}},"25":{"start":{"line":34,"column":4},"end":{"line":34,"column":27}},"26":{"start":{"line":38,"column":0},"end":{"line":46,"column":3}},"27":{"start":{"line":40,"column":4},"end":{"line":40,"column":37}},"28":{"start":{"line":41,"column":4},"end":{"line":41,"column":71}},"29":{"start":{"line":44,"column":4},"end":{"line":44,"column":34}},"30":{"start":{"line":45,"column":4},"end":{"line":45,"column":24}},"31":{"start":{"line":48,"column":0},"end":{"line":48,"column":21}}},"fnMap":{"0":{"name":"(anonymous_0)","decl":{"start":{"line":33,"column":8},"end":{"line":33,"column":9}},"loc":{"start":{"line":33,"column":28},"end":{"line":35,"column":1}},"line":33},"1":{"name":"(anonymous_1)","decl":{"start":{"line":38,"column":8},"end":{"line":38,"column":9}},"loc":{"start":{"line":38,"column":27},"end":{"line":46,"column":1}},"line":38}},"branchMap":{"0":{"loc":{"start":{"line":41,"column":23},"end":{"line":41,"column":70}},"type":"cond-expr","locations":[{"start":{"line":41,"column":62},"end":{"line":41,"column":65}},{"start":{"line":41,"column":68},"end":{"line":41,"column":70}}],"line":41},"1":{"loc":{"start":{"line":44,"column":15},"end":{"line":44,"column":32}},"type":"binary-expr","locations":[{"start":{"line":44,"column":15},"end":{"line":44,"column":25}},{"start":{"line":44,"column":29},"end":{"line":44,"column":32}}],"line":44}},"s":{"0":1,"1":1,"2":1,"3":1,"4":1,"5":1,"6":1,"7":1,"8":1,"9":1,"10":1,"11":1,"12":1,"13":1,"14":1,"15":1,"16":1,"17":1,"18":1,"19":1,"20":1,"21":1,"22":1,"23":1,"24":1,"25":0,"26":1,"27":0,"28":0,"29":0,"30":0,"31":1},"f":{"0":0,"1":0},"b":{"0":[0,0],"1":[0,0]},"_coverageSchema":"1a1c01bbd47fc00a2c39e90264f33305004495a9","hash":"54c8d619e7797a5ac76fb0517bab8974f9cdaf48"}
,"D:\\Repos\\Sours\\JS\\Lab4\\clients\\httpClient.js": {"path":"D:\\Repos\\Sours\\JS\\Lab4\\clients\\httpClient.js","statementMap":{"0":{"start":{"line":1,"column":14},"end":{"line":1,"column":30}},"1":{"start":{"line":2,"column":13},"end":{"line":2,"column":43}},"2":{"start":{"line":4,"column":29},"end":{"line":17,"column":1}},"3":{"start":{"line":5,"column":4},"end":{"line":16,"column":5}},"4":{"start":{"line":6,"column":22},"end":{"line":6,"column":32}},"5":{"start":{"line":7,"column":24},"end":{"line":10,"column":9}},"6":{"start":{"line":12,"column":25},"end":{"line":12,"column":81}},"7":{"start":{"line":13,"column":8},"end":{"line":13,"column":29}},"8":{"start":{"line":15,"column":8},"end":{"line":15,"column":29}},"9":{"start":{"line":19,"column":0},"end":{"line":21,"column":2}}},"fnMap":{"0":{"name":"(anonymous_0)","decl":{"start":{"line":4,"column":29},"end":{"line":4,"column":30}},"loc":{"start":{"line":4,"column":50},"end":{"line":17,"column":1}},"line":4}},"branchMap":{},"s":{"0":1,"1":1,"2":1,"3":0,"4":0,"5":0,"6":0,"7":0,"8":0,"9":1},"f":{"0":0},"b":{},"_coverageSchema":"1a1c01bbd47fc00a2c39e90264f33305004495a9","hash":"1af4efa303badb9191b0277c7b873129d07d4651"}
,"D:\\Repos\\Sours\\JS\\Lab4\\controllers\\comments.controller.js": {"path":"D:\\Repos\\Sours\\JS\\Lab4\\controllers\\comments.controller.js","statementMap":{"0":{"start":{"line":1,"column":14},"end":{"line":1,"column":30}},"1":{"start":{"line":2,"column":13},"end":{"line":2,"column":43}},"2":{"start":{"line":3,"column":33},"end":{"line":3,"column":65}},"3":{"start":{"line":5,"column":12},"end":{"line":5,"column":29}},"4":{"start":{"line":7,"column":20},"end":{"line":16,"column":1}},"5":{"start":{"line":8,"column":4},"end":{"line":15,"column":5}},"6":{"start":{"line":9,"column":27},"end":{"line":9,"column":37}},"7":{"start":{"line":10,"column":25},"end":{"line":10,"column":69}},"8":{"start":{"line":11,"column":8},"end":{"line":11,"column":44}},"9":{"start":{"line":13,"column":8},"end":{"line":13,"column":27}},"10":{"start":{"line":14,"column":8},"end":{"line":14,"column":45}},"11":{"start":{"line":18,"column":22},"end":{"line":40,"column":1}},"12":{"start":{"line":19,"column":4},"end":{"line":39,"column":5}},"13":{"start":{"line":20,"column":27},"end":{"line":20,"column":37}},"14":{"start":{"line":21,"column":51},"end":{"line":21,"column":59}},"15":{"start":{"line":23,"column":8},"end":{"line":26,"column":9}},"16":{"start":{"line":24,"column":12},"end":{"line":24,"column":94}},"17":{"start":{"line":25,"column":12},"end":{"line":25,"column":19}},"18":{"start":{"line":28,"column":28},"end":{"line":34,"column":10}},"19":{"start":{"line":35,"column":8},"end":{"line":35,"column":42}},"20":{"start":{"line":37,"column":8},"end":{"line":37,"column":27}},"21":{"start":{"line":38,"column":8},"end":{"line":38,"column":61}},"22":{"start":{"line":42,"column":0},"end":{"line":45,"column":2}}},"fnMap":{"0":{"name":"(anonymous_0)","decl":{"start":{"line":7,"column":20},"end":{"line":7,"column":21}},"loc":{"start":{"line":7,"column":40},"end":{"line":16,"column":1}},"line":7},"1":{"name":"(anonymous_1)","decl":{"start":{"line":18,"column":22},"end":{"line":18,"column":23}},"loc":{"start":{"line":18,"column":42},"end":{"line":40,"column":1}},"line":18}},"branchMap":{"0":{"loc":{"start":{"line":23,"column":8},"end":{"line":26,"column":9}},"type":"if","locations":[{"start":{"line":23,"column":8},"end":{"line":26,"column":9}},{"start":{},"end":{}}],"line":23}},"s":{"0":1,"1":1,"2":1,"3":1,"4":1,"5":2,"6":2,"7":2,"8":1,"9":1,"10":1,"11":1,"12":3,"13":3,"14":3,"15":3,"16":1,"17":1,"18":2,"19":1,"20":1,"21":1,"22":1},"f":{"0":2,"1":3},"b":{"0":[1,2]},"_coverageSchema":"1a1c01bbd47fc00a2c39e90264f33305004495a9","hash":"96b1da64e6d3afea9b045479f32091de3c62a0c6"}
,"D:\\Repos\\Sours\\JS\\Lab4\\controllers\\posts.controller.js": {"path":"D:\\Repos\\Sours\\JS\\Lab4\\controllers\\posts.controller.js","statementMap":{"0":{"start":{"line":1,"column":14},"end":{"line":1,"column":30}},"1":{"start":{"line":2,"column":13},"end":{"line":2,"column":43}},"2":{"start":{"line":4,"column":12},"end":{"line":4,"column":29}},"3":{"start":{"line":6,"column":17},"end":{"line":14,"column":1}},"4":{"start":{"line":7,"column":4},"end":{"line":13,"column":5}},"5":{"start":{"line":8,"column":25},"end":{"line":8,"column":50}},"6":{"start":{"line":9,"column":8},"end":{"line":9,"column":44}},"7":{"start":{"line":11,"column":8},"end":{"line":11,"column":27}},"8":{"start":{"line":12,"column":8},"end":{"line":12,"column":61}},"9":{"start":{"line":16,"column":0},"end":{"line":18,"column":2}}},"fnMap":{"0":{"name":"(anonymous_0)","decl":{"start":{"line":6,"column":17},"end":{"line":6,"column":18}},"loc":{"start":{"line":6,"column":37},"end":{"line":14,"column":1}},"line":6}},"branchMap":{},"s":{"0":1,"1":1,"2":1,"3":1,"4":0,"5":0,"6":0,"7":0,"8":0,"9":1},"f":{"0":0},"b":{},"_coverageSchema":"1a1c01bbd47fc00a2c39e90264f33305004495a9","hash":"1e50e993893fd438a0010198e0850f90947401f0"}
,"D:\\Repos\\Sours\\JS\\Lab4\\controllers\\users.controller.js": {"path":"D:\\Repos\\Sours\\JS\\Lab4\\controllers\\users.controller.js","statementMap":{"0":{"start":{"line":1,"column":14},"end":{"line":20,"column":1}},"1":{"start":{"line":22,"column":17},"end":{"line":24,"column":1}},"2":{"start":{"line":23,"column":4},"end":{"line":23,"column":32}},"3":{"start":{"line":26,"column":16},"end":{"line":31,"column":1}},"4":{"start":{"line":27,"column":17},"end":{"line":27,"column":25}},"5":{"start":{"line":28,"column":4},"end":{"line":28,"column":31}},"6":{"start":{"line":29,"column":4},"end":{"line":29,"column":21}},"7":{"start":{"line":30,"column":4},"end":{"line":30,"column":31}},"8":{"start":{"line":33,"column":0},"end":{"line":36,"column":2}}},"fnMap":{"0":{"name":"(anonymous_0)","decl":{"start":{"line":22,"column":17},"end":{"line":22,"column":18}},"loc":{"start":{"line":22,"column":37},"end":{"line":24,"column":1}},"line":22},"1":{"name":"(anonymous_1)","decl":{"start":{"line":26,"column":16},"end":{"line":26,"column":17}},"loc":{"start":{"line":26,"column":36},"end":{"line":31,"column":1}},"line":26}},"branchMap":{},"s":{"0":1,"1":1,"2":0,"3":1,"4":0,"5":0,"6":0,"7":0,"8":1},"f":{"0":0,"1":0},"b":{},"_coverageSchema":"1a1c01bbd47fc00a2c39e90264f33305004495a9","hash":"3e2c40f25a347e833b42c2c82bbcfd3ced6595cc"}
,"D:\\Repos\\Sours\\JS\\Lab4\\global_keys\\keys.js": {"path":"D:\\Repos\\Sours\\JS\\Lab4\\global_keys\\keys.js","statementMap":{"0":{"start":{"line":1,"column":21},"end":{"line":1,"column":58}},"1":{"start":{"line":2,"column":14},"end":{"line":2,"column":80}},"2":{"start":{"line":4,"column":0},"end":{"line":7,"column":2}}},"fnMap":{},"branchMap":{},"s":{"0":2,"1":2,"2":2},"f":{},"b":{},"_coverageSchema":"1a1c01bbd47fc00a2c39e90264f33305004495a9","hash":"c4247517e0f05f060195e24da3e9620038282f49"}
,"D:\\Repos\\Sours\\JS\\Lab4\\routes\\comments.js": {"path":"D:\\Repos\\Sours\\JS\\Lab4\\routes\\comments.js","statementMap":{"0":{"start":{"line":1,"column":16},"end":{"line":1,"column":34}},"1":{"start":{"line":2,"column":39},"end":{"line":2,"column":84}},"2":{"start":{"line":4,"column":15},"end":{"line":4,"column":31}},"3":{"start":{"line":6,"column":0},"end":{"line":6,"column":51}},"4":{"start":{"line":8,"column":0},"end":{"line":8,"column":54}},"5":{"start":{"line":10,"column":0},"end":{"line":10,"column":24}}},"fnMap":{},"branchMap":{},"s":{"0":1,"1":1,"2":1,"3":1,"4":1,"5":1},"f":{},"b":{},"_coverageSchema":"1a1c01bbd47fc00a2c39e90264f33305004495a9","hash":"2e8decee249b40aff11d20c9a428d5eee8f50e31"}
,"D:\\Repos\\Sours\\JS\\Lab4\\routes\\index.js": {"path":"D:\\Repos\\Sours\\JS\\Lab4\\routes\\index.js","statementMap":{"0":{"start":{"line":1,"column":16},"end":{"line":1,"column":34}},"1":{"start":{"line":3,"column":15},"end":{"line":3,"column":31}},"2":{"start":{"line":6,"column":0},"end":{"line":8,"column":3}},"3":{"start":{"line":7,"column":4},"end":{"line":7,"column":46}},"4":{"start":{"line":10,"column":0},"end":{"line":10,"column":24}}},"fnMap":{"0":{"name":"(anonymous_0)","decl":{"start":{"line":6,"column":16},"end":{"line":6,"column":17}},"loc":{"start":{"line":6,"column":30},"end":{"line":8,"column":1}},"line":6}},"branchMap":{},"s":{"0":1,"1":1,"2":1,"3":0,"4":1},"f":{"0":0},"b":{},"_coverageSchema":"1a1c01bbd47fc00a2c39e90264f33305004495a9","hash":"b3c3f6ebf13ae2247b1bcdcaa60abcb512cc5441"}
,"D:\\Repos\\Sours\\JS\\Lab4\\routes\\posts.js": {"path":"D:\\Repos\\Sours\\JS\\Lab4\\routes\\posts.js","statementMap":{"0":{"start":{"line":1,"column":16},"end":{"line":1,"column":34}},"1":{"start":{"line":2,"column":21},"end":{"line":2,"column":63}},"2":{"start":{"line":4,"column":15},"end":{"line":4,"column":31}},"3":{"start":{"line":7,"column":0},"end":{"line":7,"column":26}},"4":{"start":{"line":11,"column":0},"end":{"line":11,"column":24}}},"fnMap":{},"branchMap":{},"s":{"0":1,"1":1,"2":1,"3":1,"4":1},"f":{},"b":{},"_coverageSchema":"1a1c01bbd47fc00a2c39e90264f33305004495a9","hash":"54b1b0016f3273a9f34d4f71275213554245293f"}
,"D:\\Repos\\Sours\\JS\\Lab4\\routes\\users.js": {"path":"D:\\Repos\\Sours\\JS\\Lab4\\routes\\users.js","statementMap":{"0":{"start":{"line":1,"column":16},"end":{"line":1,"column":34}},"1":{"start":{"line":2,"column":30},"end":{"line":2,"column":72}},"2":{"start":{"line":4,"column":15},"end":{"line":4,"column":31}},"3":{"start":{"line":7,"column":0},"end":{"line":7,"column":26}},"4":{"start":{"line":9,"column":0},"end":{"line":9,"column":29}},"5":{"start":{"line":11,"column":0},"end":{"line":11,"column":24}}},"fnMap":{},"branchMap":{},"s":{"0":1,"1":1,"2":1,"3":1,"4":1,"5":1},"f":{},"b":{},"_coverageSchema":"1a1c01bbd47fc00a2c39e90264f33305004495a9","hash":"763be0d19eed11ce7306384d3e7e4ac9452433e8"}
,"D:\\Repos\\Sours\\JS\\Lab4\\scripts\\helpers\\getDurationInMilliseconds.js": {"path":"D:\\Repos\\Sours\\JS\\Lab4\\scripts\\helpers\\getDurationInMilliseconds.js","statementMap":{"0":{"start":{"line":1,"column":34},"end":{"line":7,"column":1}},"1":{"start":{"line":2,"column":23},"end":{"line":2,"column":26}},"2":{"start":{"line":3,"column":21},"end":{"line":3,"column":24}},"3":{"start":{"line":4,"column":17},"end":{"line":4,"column":38}},"4":{"start":{"line":6,"column":4},"end":{"line":6,"column":55}},"5":{"start":{"line":9,"column":0},"end":{"line":11,"column":2}}},"fnMap":{"0":{"name":"(anonymous_0)","decl":{"start":{"line":1,"column":34},"end":{"line":1,"column":35}},"loc":{"start":{"line":1,"column":43},"end":{"line":7,"column":1}},"line":1}},"branchMap":{},"s":{"0":1,"1":5,"2":5,"3":5,"4":5,"5":1},"f":{"0":5},"b":{},"_coverageSchema":"1a1c01bbd47fc00a2c39e90264f33305004495a9","hash":"1845749db6f3d4188e5efa6e5151710ce6adeb35"}
,"D:\\Repos\\Sours\\JS\\Lab4\\scripts\\middleware\\requestDuration.js": {"path":"D:\\Repos\\Sours\\JS\\Lab4\\scripts\\middleware\\requestDuration.js","statementMap":{"0":{"start":{"line":1,"column":34},"end":{"line":1,"column":81}},"1":{"start":{"line":4,"column":4},"end":{"line":4,"column":60}},"2":{"start":{"line":5,"column":28},"end":{"line":5,"column":79}},"3":{"start":{"line":6,"column":18},"end":{"line":6,"column":34}},"4":{"start":{"line":8,"column":4},"end":{"line":13,"column":7}},"5":{"start":{"line":9,"column":29},"end":{"line":9,"column":51}},"6":{"start":{"line":10,"column":8},"end":{"line":12,"column":10}},"7":{"start":{"line":15,"column":4},"end":{"line":15,"column":11}},"8":{"start":{"line":18,"column":0},"end":{"line":20,"column":2}}},"fnMap":{"0":{"name":"duration","decl":{"start":{"line":3,"column":9},"end":{"line":3,"column":17}},"loc":{"start":{"line":3,"column":34},"end":{"line":16,"column":1}},"line":3},"1":{"name":"(anonymous_1)","decl":{"start":{"line":8,"column":21},"end":{"line":8,"column":22}},"loc":{"start":{"line":8,"column":27},"end":{"line":13,"column":5}},"line":8}},"branchMap":{},"s":{"0":1,"1":5,"2":5,"3":5,"4":5,"5":5,"6":5,"7":5,"8":1},"f":{"0":5,"1":5},"b":{},"_coverageSchema":"1a1c01bbd47fc00a2c39e90264f33305004495a9","hash":"6962d9cebc1d55040a0858ee26b681fc23666ae4"}
}
