TN:
SF:app.js
FN:33,(anonymous_0)
FN:38,(anonymous_1)
FNF:2
FNH:0
FNDA:0,(anonymous_0)
FNDA:0,(anonymous_1)
DA:1,3
DA:2,3
DA:3,3
DA:4,3
DA:5,3
DA:7,3
DA:8,3
DA:9,3
DA:10,3
DA:11,3
DA:13,3
DA:16,3
DA:17,3
DA:19,3
DA:20,3
DA:21,3
DA:22,3
DA:23,3
DA:24,3
DA:26,3
DA:27,3
DA:28,3
DA:29,3
DA:30,3
DA:33,3
DA:34,0
DA:38,3
DA:40,0
DA:41,0
DA:44,0
DA:45,0
DA:48,3
LF:32
LH:27
BRDA:41,0,0,0
BRDA:41,0,1,0
BRDA:44,1,0,0
BRDA:44,1,1,0
BRF:4
BRH:0
end_of_record
TN:
SF:clients\httpClient.js
FN:4,(anonymous_0)
FNF:1
FNH:0
FNDA:0,(anonymous_0)
DA:1,3
DA:2,3
DA:4,3
DA:5,0
DA:6,0
DA:7,0
DA:12,0
DA:13,0
DA:15,0
DA:19,3
LF:10
LH:4
BRF:0
BRH:0
end_of_record
TN:
SF:controllers\comments.controller.js
FN:7,(anonymous_0)
FN:18,(anonymous_1)
FNF:2
FNH:2
FNDA:2,(anonymous_0)
FNDA:3,(anonymous_1)
DA:1,3
DA:2,3
DA:3,3
DA:5,3
DA:7,3
DA:8,2
DA:9,2
DA:10,2
DA:11,1
DA:13,1
DA:14,1
DA:18,3
DA:19,3
DA:20,3
DA:21,3
DA:22,3
DA:23,1
DA:24,1
DA:27,2
DA:34,1
DA:36,1
DA:37,1
DA:41,3
LF:23
LH:23
BRDA:22,0,0,1
BRDA:22,0,1,2
BRF:2
BRH:2
end_of_record
TN:
SF:controllers\posts.controller.js
FN:6,(anonymous_0)
FNF:1
FNH:0
FNDA:0,(anonymous_0)
DA:1,3
DA:2,3
DA:4,3
DA:6,3
DA:7,0
DA:8,0
DA:9,0
DA:11,0
DA:12,0
DA:16,3
LF:10
LH:5
BRF:0
BRH:0
end_of_record
TN:
SF:controllers\users.controller.js
FN:22,(anonymous_0)
FN:26,(anonymous_1)
FNF:2
FNH:2
FNDA:2,(anonymous_0)
FNDA:2,(anonymous_1)
DA:1,3
DA:22,3
DA:23,2
DA:26,3
DA:27,2
DA:28,2
DA:29,2
DA:30,2
DA:33,3
LF:9
LH:9
BRF:0
BRH:0
end_of_record
TN:
SF:global_keys\keys.js
FNF:0
FNH:0
DA:1,4
DA:2,4
DA:4,4
LF:3
LH:3
BRF:0
BRH:0
end_of_record
TN:
SF:routes\comments.js
FNF:0
FNH:0
DA:1,3
DA:2,3
DA:4,3
DA:6,3
DA:8,3
DA:10,3
LF:6
LH:6
BRF:0
BRH:0
end_of_record
TN:
SF:routes\index.js
FN:6,(anonymous_0)
FNF:1
FNH:0
FNDA:0,(anonymous_0)
DA:1,3
DA:3,3
DA:6,3
DA:7,0
DA:10,3
LF:5
LH:4
BRF:0
BRH:0
end_of_record
TN:
SF:routes\posts.js
FNF:0
FNH:0
DA:1,3
DA:2,3
DA:4,3
DA:7,3
DA:11,3
LF:5
LH:5
BRF:0
BRH:0
end_of_record
TN:
SF:routes\users.js
FNF:0
FNH:0
DA:1,3
DA:2,3
DA:4,3
DA:7,3
DA:9,3
DA:11,3
LF:6
LH:6
BRF:0
BRH:0
end_of_record
TN:
SF:scripts\helpers\getDurationInMilliseconds.js
FN:1,(anonymous_0)
FNF:1
FNH:1
FNDA:9,(anonymous_0)
DA:1,3
DA:2,9
DA:3,9
DA:4,9
DA:6,9
DA:9,3
LF:6
LH:6
BRF:0
BRH:0
end_of_record
TN:
SF:scripts\middleware\requestDuration.js
FN:3,duration
FN:8,(anonymous_1)
FNF:2
FNH:2
FNDA:9,duration
FNDA:9,(anonymous_1)
DA:1,3
DA:4,9
DA:5,9
DA:6,9
DA:8,9
DA:9,9
DA:10,9
DA:15,9
DA:18,3
LF:9
LH:9
BRF:0
BRH:0
end_of_record
